[0130/230031.773:ERROR:process_reader_win.cc(242)] ReadMemory at 0x57b00000 of 64 bytes failed: Only part of a ReadProcessMemory or WriteProcessMemory request was completed. (0x12B)
[0130/230031.774:WARNING:pe_image_reader.cc(302)] could not read dos header from C:\Program Files (x86)\Google\Chrome\Application\71.0.3578.98\chrome_child.dll
[0130/230031.793:ERROR:process_reader_win.cc(242)] ReadMemory at 0x2c3000 of 53248 bytes failed: Only part of a ReadProcessMemory or WriteProcessMemory request was completed. (0x12B)
[0130/230031.793:ERROR:process_reader_win.cc(242)] ReadMemory at 0x33ce000 of 8192 bytes failed: Only part of a ReadProcessMemory or WriteProcessMemory request was completed. (0x12B)
[0130/230031.793:ERROR:process_reader_win.cc(242)] ReadMemory at 0x35fe000 of 8192 bytes failed: Only part of a ReadProcessMemory or WriteProcessMemory request was completed. (0x12B)
[0130/230031.793:ERROR:process_reader_win.cc(242)] ReadMemory at 0x37cb000 of 20480 bytes failed: Only part of a ReadProcessMemory or WriteProcessMemory request was completed. (0x12B)
[0130/230031.794:ERROR:process_reader_win.cc(242)] ReadMemory at 0x3a2e000 of 8192 bytes failed: Only part of a ReadProcessMemory or WriteProcessMemory request was completed. (0x12B)
[0130/230031.794:ERROR:process_reader_win.cc(242)] ReadMemory at 0x3c7e000 of 8192 bytes failed: Only part of a ReadProcessMemory or WriteProcessMemory request was completed. (0x12B)
[0130/230031.794:ERROR:process_reader_win.cc(242)] ReadMemory at 0x3e6e000 of 8192 bytes failed: Only part of a ReadProcessMemory or WriteProcessMemory request was completed. (0x12B)
[0130/230031.794:ERROR:process_reader_win.cc(242)] ReadMemory at 0x3f9f000 of 4096 bytes failed: Only part of a ReadProcessMemory or WriteProcessMemory request was completed. (0x12B)
[0130/230031.794:ERROR:process_reader_win.cc(242)] ReadMemory at 0x3b2f000 of 4096 bytes failed: Only part of a ReadProcessMemory or WriteProcessMemory request was completed. (0x12B)
[0130/230031.794:ERROR:process_reader_win.cc(242)] ReadMemory at 0x426e000 of 8192 bytes failed: Only part of a ReadProcessMemory or WriteProcessMemory request was completed. (0x12B)
[0130/230031.794:ERROR:process_reader_win.cc(242)] ReadMemory at 0x40ad000 of 12288 bytes failed: Only part of a ReadProcessMemory or WriteProcessMemory request was completed. (0x12B)
[0130/230031.794:ERROR:process_reader_win.cc(242)] ReadMemory at 0x4398000 of 98304 bytes failed: Only part of a ReadProcessMemory or WriteProcessMemory request was completed. (0x12B)
[0130/230031.795:ERROR:process_reader_win.cc(242)] ReadMemory at 0x487d000 of 12288 bytes failed: Only part of a ReadProcessMemory or WriteProcessMemory request was completed. (0x12B)
[0130/230031.795:ERROR:process_reader_win.cc(242)] ReadMemory at 0x4cfd000 of 12288 bytes failed: Only part of a ReadProcessMemory or WriteProcessMemory request was completed. (0x12B)
[0130/230031.795:ERROR:process_reader_win.cc(242)] ReadMemory at 0x71ba000 of 24576 bytes failed: Only part of a ReadProcessMemory or WriteProcessMemory request was completed. (0x12B)
[0130/230031.795:ERROR:process_reader_win.cc(242)] ReadMemory at 0xeede000 of 8192 bytes failed: Only part of a ReadProcessMemory or WriteProcessMemory request was completed. (0x12B)
[0130/230031.795:ERROR:process_reader_win.cc(242)] ReadMemory at 0x6107f0 of 4596 bytes failed: Only part of a ReadProcessMemory or WriteProcessMemory request was completed. (0x12B)
[0130/230031.795:ERROR:process_reader_win.cc(242)] ReadMemory at 0x6119f0 of 660 bytes failed: Only part of a ReadProcessMemory or WriteProcessMemory request was completed. (0x12B)
[0130/230031.795:ERROR:process_reader_win.cc(242)] ReadMemory at 0x611e90 of 1636 bytes failed: Only part of a ReadProcessMemory or WriteProcessMemory request was completed. (0x12B)
[0130/230031.795:ERROR:process_reader_win.cc(242)] ReadMemory at 0x6124f6 of 118 bytes failed: Only part of a ReadProcessMemory or WriteProcessMemory request was completed. (0x12B)
[0130/230031.795:ERROR:process_reader_win.cc(242)] ReadMemory at 0x61256e of 1338 bytes failed: Only part of a ReadProcessMemory or WriteProcessMemory request was completed. (0x12B)
[0130/230031.796:ERROR:process_reader_win.cc(242)] ReadMemory at 0x612aaa of 118 bytes failed: Only part of a ReadProcessMemory or WriteProcessMemory request was completed. (0x12B)
[0130/230031.796:ERROR:process_reader_win.cc(242)] ReadMemory at 0x612b22 of 96 bytes failed: Only part of a ReadProcessMemory or WriteProcessMemory request was completed. (0x12B)
[0130/230031.796:ERROR:process_reader_win.cc(242)] ReadMemory at 0x613e08 of 72 bytes failed: Only part of a ReadProcessMemory or WriteProcessMemory request was completed. (0x12B)
[0130/230031.796:ERROR:process_reader_win.cc(242)] ReadMemory at 0x613e88 of 72 bytes failed: Only part of a ReadProcessMemory or WriteProcessMemory request was completed. (0x12B)
[0130/230031.796:ERROR:process_reader_win.cc(242)] ReadMemory at 0x613f08 of 58 bytes failed: Only part of a ReadProcessMemory or WriteProcessMemory request was completed. (0x12B)
[0130/230031.796:ERROR:process_reader_win.cc(242)] ReadMemory at 0x613f64 of 124 bytes failed: Only part of a ReadProcessMemory or WriteProcessMemory request was completed. (0x12B)
[0130/230031.797:ERROR:process_reader_win.cc(242)] ReadMemory at 0x614200 of 64 bytes failed: Only part of a ReadProcessMemory or WriteProcessMemory request was completed. (0x12B)
[0130/230031.797:ERROR:process_reader_win.cc(242)] ReadMemory at 0x614250 of 72 bytes failed: Only part of a ReadProcessMemory or WriteProcessMemory request was completed. (0x12B)
[0130/230031.797:ERROR:process_reader_win.cc(242)] ReadMemory at 0x6142e8 of 68 bytes failed: Only part of a ReadProcessMemory or WriteProcessMemory request was completed. (0x12B)
[0130/230031.797:ERROR:process_reader_win.cc(242)] ReadMemory at 0x614338 of 72 bytes failed: Only part of a ReadProcessMemory or WriteProcessMemory request was completed. (0x12B)
[0130/230031.797:ERROR:process_reader_win.cc(242)] ReadMemory at 0x614f80 of 152 bytes failed: Only part of a ReadProcessMemory or WriteProcessMemory request was completed. (0x12B)
[0130/230031.797:ERROR:process_reader_win.cc(242)] ReadMemory at 0x615028 of 72 bytes failed: Only part of a ReadProcessMemory or WriteProcessMemory request was completed. (0x12B)
[0130/230031.797:ERROR:process_reader_win.cc(242)] ReadMemory at 0x6150f0 of 72 bytes failed: Only part of a ReadProcessMemory or WriteProcessMemory request was completed. (0x12B)
[0130/230031.797:ERROR:process_reader_win.cc(242)] ReadMemory at 0x615220 of 62 bytes failed: Only part of a ReadProcessMemory or WriteProcessMemory request was completed. (0x12B)
[0130/230031.797:ERROR:process_reader_win.cc(242)] ReadMemory at 0x615268 of 60 bytes failed: Only part of a ReadProcessMemory or WriteProcessMemory request was completed. (0x12B)
[0130/230031.797:ERROR:process_reader_win.cc(242)] ReadMemory at 0x6156d8 of 72 bytes failed: Only part of a ReadProcessMemory or WriteProcessMemory request was completed. (0x12B)
[0130/230031.797:ERROR:process_reader_win.cc(242)] ReadMemory at 0x615818 of 62 bytes failed: Only part of a ReadProcessMemory or WriteProcessMemory request was completed. (0x12B)
[0130/230031.797:ERROR:process_reader_win.cc(242)] ReadMemory at 0x615860 of 72 bytes failed: Only part of a ReadProcessMemory or WriteProcessMemory request was completed. (0x12B)
[0130/230031.797:ERROR:process_reader_win.cc(242)] ReadMemory at 0x629e48 of 62 bytes failed: Only part of a ReadProcessMemory or WriteProcessMemory request was completed. (0x12B)
[0130/230031.797:ERROR:process_reader_win.cc(242)] ReadMemory at 0x629e90 of 72 bytes failed: Only part of a ReadProcessMemory or WriteProcessMemory request was completed. (0x12B)
[0130/230031.798:ERROR:process_reader_win.cc(242)] ReadMemory at 0x629f10 of 58 bytes failed: Only part of a ReadProcessMemory or WriteProcessMemory request was completed. (0x12B)
[0130/230031.798:ERROR:process_reader_win.cc(242)] ReadMemory at 0x629f58 of 72 bytes failed: Only part of a ReadProcessMemory or WriteProcessMemory request was completed. (0x12B)
[0130/230031.798:ERROR:process_reader_win.cc(242)] ReadMemory at 0x62a7d8 of 60 bytes failed: Only part of a ReadProcessMemory or WriteProcessMemory request was completed. (0x12B)
[0130/230031.798:ERROR:process_reader_win.cc(242)] ReadMemory at 0x62a820 of 72 bytes failed: Only part of a ReadProcessMemory or WriteProcessMemory request was completed. (0x12B)
[0130/230031.798:ERROR:process_reader_win.cc(242)] ReadMemory at 0x62a8a0 of 64 bytes failed: Only part of a ReadProcessMemory or WriteProcessMemory request was completed. (0x12B)
[0130/230031.798:ERROR:process_reader_win.cc(242)] ReadMemory at 0x62a8f0 of 72 bytes failed: Only part of a ReadProcessMemory or WriteProcessMemory request was completed. (0x12B)
[0130/230031.798:ERROR:process_reader_win.cc(242)] ReadMemory at 0x62a970 of 60 bytes failed: Only part of a ReadProcessMemory or WriteProcessMemory request was completed. (0x12B)
[0130/230031.798:ERROR:process_reader_win.cc(242)] ReadMemory at 0x62a9b8 of 72 bytes failed: Only part of a ReadProcessMemory or WriteProcessMemory request was completed. (0x12B)
[0130/230031.798:ERROR:process_reader_win.cc(242)] ReadMemory at 0x62aa38 of 62 bytes failed: Only part of a ReadProcessMemory or WriteProcessMemory request was completed. (0x12B)
[0130/230031.798:ERROR:process_reader_win.cc(242)] ReadMemory at 0x62aa80 of 72 bytes failed: Only part of a ReadProcessMemory or WriteProcessMemory request was completed. (0x12B)
[0130/230031.798:ERROR:process_reader_win.cc(242)] ReadMemory at 0x62ab00 of 66 bytes failed: Only part of a ReadProcessMemory or WriteProcessMemory request was completed. (0x12B)
[0130/230031.798:ERROR:process_reader_win.cc(242)] ReadMemory at 0x62ab50 of 54 bytes failed: Only part of a ReadProcessMemory or WriteProcessMemory request was completed. (0x12B)
[0130/230031.798:ERROR:process_reader_win.cc(242)] ReadMemory at 0x62ab98 of 62 bytes failed: Only part of a ReadProcessMemory or WriteProcessMemory request was completed. (0x12B)
[0130/230031.799:ERROR:process_reader_win.cc(242)] ReadMemory at 0x62abe0 of 72 bytes failed: Only part of a ReadProcessMemory or WriteProcessMemory request was completed. (0x12B)
[0130/230031.799:ERROR:process_reader_win.cc(242)] ReadMemory at 0x62ac60 of 72 bytes failed: Only part of a ReadProcessMemory or WriteProcessMemory request was completed. (0x12B)
[0130/230031.799:ERROR:process_reader_win.cc(242)] ReadMemory at 0x62ace0 of 72 bytes failed: Only part of a ReadProcessMemory or WriteProcessMemory request was completed. (0x12B)
[0130/230031.799:ERROR:process_reader_win.cc(242)] ReadMemory at 0x62ad60 of 58 bytes failed: Only part of a ReadProcessMemory or WriteProcessMemory request was completed. (0x12B)
[0130/230031.799:ERROR:process_reader_win.cc(242)] ReadMemory at 0x62adc0 of 72 bytes failed: Only part of a ReadProcessMemory or WriteProcessMemory request was completed. (0x12B)
[0130/230031.799:ERROR:process_reader_win.cc(242)] ReadMemory at 0x62ae40 of 72 bytes failed: Only part of a ReadProcessMemory or WriteProcessMemory request was completed. (0x12B)
[0130/230031.799:ERROR:process_reader_win.cc(242)] ReadMemory at 0x62aec0 of 72 bytes failed: Only part of a ReadProcessMemory or WriteProcessMemory request was completed. (0x12B)
[0130/230031.799:ERROR:process_reader_win.cc(242)] ReadMemory at 0x62af40 of 72 bytes failed: Only part of a ReadProcessMemory or WriteProcessMemory request was completed. (0x12B)
[0130/230031.799:ERROR:process_reader_win.cc(242)] ReadMemory at 0x62afc0 of 72 bytes failed: Only part of a ReadProcessMemory or WriteProcessMemory request was completed. (0x12B)
[0130/230031.799:ERROR:process_reader_win.cc(242)] ReadMemory at 0x62b040 of 72 bytes failed: Only part of a ReadProcessMemory or WriteProcessMemory request was completed. (0x12B)
[0130/230031.799:ERROR:process_reader_win.cc(242)] ReadMemory at 0x62b0c0 of 72 bytes failed: Only part of a ReadProcessMemory or WriteProcessMemory request was completed. (0x12B)
[0130/230031.799:ERROR:process_reader_win.cc(242)] ReadMemory at 0x62b140 of 72 bytes failed: Only part of a ReadProcessMemory or WriteProcessMemory request was completed. (0x12B)
[0130/230031.799:ERROR:process_reader_win.cc(242)] ReadMemory at 0x62b1c0 of 72 bytes failed: Only part of a ReadProcessMemory or WriteProcessMemory request was completed. (0x12B)
[0130/230031.799:ERROR:process_reader_win.cc(242)] ReadMemory at 0x62b240 of 72 bytes failed: Only part of a ReadProcessMemory or WriteProcessMemory request was completed. (0x12B)
[0130/230031.800:ERROR:process_reader_win.cc(242)] ReadMemory at 0x62b2c0 of 72 bytes failed: Only part of a ReadProcessMemory or WriteProcessMemory request was completed. (0x12B)
[0130/230031.800:ERROR:process_reader_win.cc(242)] ReadMemory at 0x62b340 of 72 bytes failed: Only part of a ReadProcessMemory or WriteProcessMemory request was completed. (0x12B)
[0130/230031.800:ERROR:process_reader_win.cc(242)] ReadMemory at 0x62b3c0 of 72 bytes failed: Only part of a ReadProcessMemory or WriteProcessMemory request was completed. (0x12B)
[0130/230031.800:ERROR:process_reader_win.cc(242)] ReadMemory at 0x62b440 of 72 bytes failed: Only part of a ReadProcessMemory or WriteProcessMemory request was completed. (0x12B)
[0130/230031.800:ERROR:process_reader_win.cc(242)] ReadMemory at 0x62b4c0 of 72 bytes failed: Only part of a ReadProcessMemory or WriteProcessMemory request was completed. (0x12B)
[0130/230031.800:ERROR:process_reader_win.cc(242)] ReadMemory at 0x62b540 of 72 bytes failed: Only part of a ReadProcessMemory or WriteProcessMemory request was completed. (0x12B)
[0130/230031.800:ERROR:process_reader_win.cc(242)] ReadMemory at 0x62b5c0 of 72 bytes failed: Only part of a ReadProcessMemory or WriteProcessMemory request was completed. (0x12B)
[0130/230031.800:ERROR:process_reader_win.cc(242)] ReadMemory at 0x62b640 of 72 bytes failed: Only part of a ReadProcessMemory or WriteProcessMemory request was completed. (0x12B)
[0130/230031.800:ERROR:process_reader_win.cc(242)] ReadMemory at 0x62b6c0 of 72 bytes failed: Only part of a ReadProcessMemory or WriteProcessMemory request was completed. (0x12B)
[0130/230031.800:ERROR:process_reader_win.cc(242)] ReadMemory at 0x62b740 of 72 bytes failed: Only part of a ReadProcessMemory or WriteProcessMemory request was completed. (0x12B)
[0130/230031.800:ERROR:process_reader_win.cc(242)] ReadMemory at 0x62b7c0 of 72 bytes failed: Only part of a ReadProcessMemory or WriteProcessMemory request was completed. (0x12B)
[0130/230031.800:ERROR:process_reader_win.cc(242)] ReadMemory at 0x62b840 of 72 bytes failed: Only part of a ReadProcessMemory or WriteProcessMemory request was completed. (0x12B)
[0130/230031.800:ERROR:process_reader_win.cc(242)] ReadMemory at 0x62b8c0 of 72 bytes failed: Only part of a ReadProcessMemory or WriteProcessMemory request was completed. (0x12B)
[0130/230031.800:ERROR:process_reader_win.cc(242)] ReadMemory at 0x62b940 of 72 bytes failed: Only part of a ReadProcessMemory or WriteProcessMemory request was completed. (0x12B)
[0130/230031.800:ERROR:process_reader_win.cc(242)] ReadMemory at 0x62b9c0 of 72 bytes failed: Only part of a ReadProcessMemory or WriteProcessMemory request was completed. (0x12B)
[0130/230031.801:ERROR:process_reader_win.cc(242)] ReadMemory at 0x62ba40 of 72 bytes failed: Only part of a ReadProcessMemory or WriteProcessMemory request was completed. (0x12B)
[0130/230031.801:ERROR:process_reader_win.cc(242)] ReadMemory at 0x62bac0 of 72 bytes failed: Only part of a ReadProcessMemory or WriteProcessMemory request was completed. (0x12B)
[0130/230031.801:ERROR:process_reader_win.cc(242)] ReadMemory at 0x62bb40 of 72 bytes failed: Only part of a ReadProcessMemory or WriteProcessMemory request was completed. (0x12B)
[0130/230031.801:ERROR:process_reader_win.cc(242)] ReadMemory at 0x62bbc0 of 72 bytes failed: Only part of a ReadProcessMemory or WriteProcessMemory request was completed. (0x12B)
[0130/230031.801:ERROR:process_reader_win.cc(242)] ReadMemory at 0x62bc40 of 72 bytes failed: Only part of a ReadProcessMemory or WriteProcessMemory request was completed. (0x12B)
[0130/230031.801:ERROR:process_reader_win.cc(242)] ReadMemory at 0x62bcc0 of 72 bytes failed: Only part of a ReadProcessMemory or WriteProcessMemory request was completed. (0x12B)
[0130/230031.801:ERROR:process_reader_win.cc(242)] ReadMemory at 0x62d1a8 of 54 bytes failed: Only part of a ReadProcessMemory or WriteProcessMemory request was completed. (0x12B)
[0130/230031.801:ERROR:process_reader_win.cc(242)] ReadMemory at 0x62d470 of 58 bytes failed: Only part of a ReadProcessMemory or WriteProcessMemory request was completed. (0x12B)
[0130/230031.801:ERROR:process_reader_win.cc(242)] ReadMemory at 0x62d4b8 of 62 bytes failed: Only part of a ReadProcessMemory or WriteProcessMemory request was completed. (0x12B)
[0130/230031.801:ERROR:process_reader_win.cc(242)] ReadMemory at 0x62d500 of 62 bytes failed: Only part of a ReadProcessMemory or WriteProcessMemory request was completed. (0x12B)
[0130/230031.801:ERROR:process_reader_win.cc(242)] ReadMemory at 0x62d560 of 58 bytes failed: Only part of a ReadProcessMemory or WriteProcessMemory request was completed. (0x12B)
[0130/230031.801:ERROR:process_reader_win.cc(242)] ReadMemory at 0x62d5a8 of 58 bytes failed: Only part of a ReadProcessMemory or WriteProcessMemory request was completed. (0x12B)
[0130/230031.802:ERROR:process_reader_win.cc(242)] ReadMemory at 0x62d5f0 of 58 bytes failed: Only part of a ReadProcessMemory or WriteProcessMemory request was completed. (0x12B)
[0130/230031.802:ERROR:process_reader_win.cc(242)] ReadMemory at 0x62d638 of 60 bytes failed: Only part of a ReadProcessMemory or WriteProcessMemory request was completed. (0x12B)
[0130/230031.802:ERROR:process_reader_win.cc(242)] ReadMemory at 0x62d680 of 60 bytes failed: Only part of a ReadProcessMemory or WriteProcessMemory request was completed. (0x12B)
[0130/230031.802:ERROR:process_reader_win.cc(242)] ReadMemory at 0x62d6c8 of 58 bytes failed: Only part of a ReadProcessMemory or WriteProcessMemory request was completed. (0x12B)
[0130/230031.802:ERROR:process_reader_win.cc(242)] ReadMemory at 0x62d710 of 60 bytes failed: Only part of a ReadProcessMemory or WriteProcessMemory request was completed. (0x12B)
[0130/230031.802:ERROR:process_reader_win.cc(242)] ReadMemory at 0x62d758 of 62 bytes failed: Only part of a ReadProcessMemory or WriteProcessMemory request was completed. (0x12B)
[0130/230031.802:ERROR:process_reader_win.cc(242)] ReadMemory at 0x62d7a0 of 60 bytes failed: Only part of a ReadProcessMemory or WriteProcessMemory request was completed. (0x12B)
[0130/230031.802:ERROR:process_reader_win.cc(242)] ReadMemory at 0x62d7e8 of 60 bytes failed: Only part of a ReadProcessMemory or WriteProcessMemory request was completed. (0x12B)
[0130/230031.802:ERROR:process_reader_win.cc(242)] ReadMemory at 0x62d830 of 56 bytes failed: Only part of a ReadProcessMemory or WriteProcessMemory request was completed. (0x12B)
[0130/230031.803:ERROR:process_reader_win.cc(242)] ReadMemory at 0x62d878 of 60 bytes failed: Only part of a ReadProcessMemory or WriteProcessMemory request was completed. (0x12B)
[0130/230031.803:ERROR:process_reader_win.cc(242)] ReadMemory at 0x62d8c0 of 62 bytes failed: Only part of a ReadProcessMemory or WriteProcessMemory request was completed. (0x12B)
[0130/230031.803:ERROR:process_reader_win.cc(242)] ReadMemory at 0x62d908 of 62 bytes failed: Only part of a ReadProcessMemory or WriteProcessMemory request was completed. (0x12B)
[0130/230031.803:ERROR:process_reader_win.cc(242)] ReadMemory at 0x62d950 of 58 bytes failed: Only part of a ReadProcessMemory or WriteProcessMemory request was completed. (0x12B)
[0130/230031.803:ERROR:process_reader_win.cc(242)] ReadMemory at 0x62d998 of 60 bytes failed: Only part of a ReadProcessMemory or WriteProcessMemory request was completed. (0x12B)
[0130/230031.803:ERROR:process_reader_win.cc(242)] ReadMemory at 0x62d9e0 of 62 bytes failed: Only part of a ReadProcessMemory or WriteProcessMemory request was completed. (0x12B)
[0130/230031.803:ERROR:process_reader_win.cc(242)] ReadMemory at 0x6351f8 of 64 bytes failed: Only part of a ReadProcessMemory or WriteProcessMemory request was completed. (0x12B)
[0130/230031.803:ERROR:process_reader_win.cc(242)] ReadMemory at 0x635248 of 64 bytes failed: Only part of a ReadProcessMemory or WriteProcessMemory request was completed. (0x12B)
[0130/230031.803:ERROR:process_reader_win.cc(242)] ReadMemory at 0x635298 of 64 bytes failed: Only part of a ReadProcessMemory or WriteProcessMemory request was completed. (0x12B)
[0130/230031.803:ERROR:process_reader_win.cc(242)] ReadMemory at 0x6352e8 of 156 bytes failed: Only part of a ReadProcessMemory or WriteProcessMemory request was completed. (0x12B)
[0130/230031.803:ERROR:process_reader_win.cc(242)] ReadMemory at 0x635488 of 244 bytes failed: Only part of a ReadProcessMemory or WriteProcessMemory request was completed. (0x12B)
[0130/230031.803:ERROR:process_reader_win.cc(242)] ReadMemory at 0x6355b8 of 64 bytes failed: Only part of a ReadProcessMemory or WriteProcessMemory request was completed. (0x12B)
[0130/230031.803:ERROR:process_reader_win.cc(242)] ReadMemory at 0x635e08 of 64 bytes failed: Only part of a ReadProcessMemory or WriteProcessMemory request was completed. (0x12B)
[0130/230031.803:ERROR:process_reader_win.cc(242)] ReadMemory at 0x635f00 of 64 bytes failed: Only part of a ReadProcessMemory or WriteProcessMemory request was completed. (0x12B)
[0130/230031.804:ERROR:process_reader_win.cc(242)] ReadMemory at 0x6360d8 of 64 bytes failed: Only part of a ReadProcessMemory or WriteProcessMemory request was completed. (0x12B)
[0130/230031.804:ERROR:process_reader_win.cc(242)] ReadMemory at 0x643b30 of 512 bytes failed: Only part of a ReadProcessMemory or WriteProcessMemory request was completed. (0x12B)
[0130/230031.804:ERROR:process_reader_win.cc(242)] ReadMemory at 0x647c70 of 512 bytes failed: Only part of a ReadProcessMemory or WriteProcessMemory request was completed. (0x12B)
[0130/230031.804:ERROR:process_reader_win.cc(242)] ReadMemory at 0x74b1b6a7 of 512 bytes failed: Only part of a ReadProcessMemory or WriteProcessMemory request was completed. (0x12B)
[0130/230031.804:ERROR:process_reader_win.cc(242)] ReadMemory at 0x76f5f7f1 of 648 bytes failed: Only part of a ReadProcessMemory or WriteProcessMemory request was completed. (0x12B)
[0130/230031.804:ERROR:process_reader_win.cc(242)] ReadMemory at 0x76f5fcb1 of 512 bytes failed: Only part of a ReadProcessMemory or WriteProcessMemory request was completed. (0x12B)
[0130/230031.804:ERROR:process_reader_win.cc(242)] ReadMemory at 0x76f6007d of 512 bytes failed: Only part of a ReadProcessMemory or WriteProcessMemory request was completed. (0x12B)
[0130/230031.804:ERROR:process_reader_win.cc(242)] ReadMemory at 0x76f61e4d of 537 bytes failed: Only part of a ReadProcessMemory or WriteProcessMemory request was completed. (0x12B)
[0130/230031.804:ERROR:process_reader_win.cc(242)] ReadMemory at 0x76f8672c of 18 bytes failed: Only part of a ReadProcessMemory or WriteProcessMemory request was completed. (0x12B)
[0130/230031.804:ERROR:process_reader_win.cc(242)] ReadMemory at 0x76fa1ba0 of 607 bytes failed: Only part of a ReadProcessMemory or WriteProcessMemory request was completed. (0x12B)
[0130/230031.804:ERROR:process_reader_win.cc(242)] ReadMemory at 0x77040200 of 36 bytes failed: Only part of a ReadProcessMemory or WriteProcessMemory request was completed. (0x12B)
[0130/230031.804:ERROR:process_reader_win.cc(242)] ReadMemory at 0x770420c0 of 24 bytes failed: Only part of a ReadProcessMemory or WriteProcessMemory request was completed. (0x12B)
[0130/230031.804:ERROR:process_reader_win.cc(242)] ReadMemory at 0x77044360 of 32 bytes failed: Only part of a ReadProcessMemory or WriteProcessMemory request was completed. (0x12B)
[0130/230031.805:ERROR:process_reader_win.cc(242)] ReadMemory at 0xfff8b000 of 3992 bytes failed: Only part of a ReadProcessMemory or WriteProcessMemory request was completed. (0x12B)
[0130/230031.805:ERROR:process_reader_win.cc(242)] ReadMemory at 0xfff8e000 of 3992 bytes failed: Only part of a ReadProcessMemory or WriteProcessMemory request was completed. (0x12B)
[0130/230031.805:ERROR:process_reader_win.cc(242)] ReadMemory at 0xfff91000 of 3992 bytes failed: Only part of a ReadProcessMemory or WriteProcessMemory request was completed. (0x12B)
[0130/230031.805:ERROR:process_reader_win.cc(242)] ReadMemory at 0xfff94000 of 3992 bytes failed: Only part of a ReadProcessMemory or WriteProcessMemory request was completed. (0x12B)
[0130/230031.805:ERROR:process_reader_win.cc(242)] ReadMemory at 0xfff97000 of 3992 bytes failed: Only part of a ReadProcessMemory or WriteProcessMemory request was completed. (0x12B)
[0130/230031.805:ERROR:process_reader_win.cc(242)] ReadMemory at 0xfff9a000 of 3992 bytes failed: Only part of a ReadProcessMemory or WriteProcessMemory request was completed. (0x12B)
[0130/230031.805:ERROR:process_reader_win.cc(242)] ReadMemory at 0xfff9d000 of 3992 bytes failed: Only part of a ReadProcessMemory or WriteProcessMemory request was completed. (0x12B)
[0130/230031.805:ERROR:process_reader_win.cc(242)] ReadMemory at 0xfffa0000 of 3992 bytes failed: Only part of a ReadProcessMemory or WriteProcessMemory request was completed. (0x12B)
[0130/230031.805:ERROR:process_reader_win.cc(242)] ReadMemory at 0xfffa3000 of 3992 bytes failed: Only part of a ReadProcessMemory or WriteProcessMemory request was completed. (0x12B)
[0130/230031.805:ERROR:process_reader_win.cc(242)] ReadMemory at 0xfffa6000 of 3992 bytes failed: Only part of a ReadProcessMemory or WriteProcessMemory request was completed. (0x12B)
[0130/230031.805:ERROR:process_reader_win.cc(242)] ReadMemory at 0xfffa9000 of 3992 bytes failed: Only part of a ReadProcessMemory or WriteProcessMemory request was completed. (0x12B)
[0130/230031.806:ERROR:process_reader_win.cc(242)] ReadMemory at 0xfffac000 of 3992 bytes failed: Only part of a ReadProcessMemory or WriteProcessMemory request was completed. (0x12B)
[0130/230031.806:ERROR:process_reader_win.cc(242)] ReadMemory at 0xfffaf000 of 3992 bytes failed: Only part of a ReadProcessMemory or WriteProcessMemory request was completed. (0x12B)
[0130/230031.806:ERROR:process_reader_win.cc(242)] ReadMemory at 0xfffd7000 of 3992 bytes failed: Only part of a ReadProcessMemory or WriteProcessMemory request was completed. (0x12B)
[0130/230031.806:ERROR:process_reader_win.cc(242)] ReadMemory at 0xfffda000 of 3992 bytes failed: Only part of a ReadProcessMemory or WriteProcessMemory request was completed. (0x12B)
[0130/230031.806:ERROR:process_reader_win.cc(242)] ReadMemory at 0xfffdd000 of 3992 bytes failed: Only part of a ReadProcessMemory or WriteProcessMemory request was completed. (0x12B)
[0130/230031.806:ERROR:process_reader_win.cc(242)] ReadMemory at 0xfffde000 of 560 bytes failed: Only part of a ReadProcessMemory or WriteProcessMemory request was completed. (0x12B)
[0130/230031.808:ERROR:scoped_process_suspend.cc(40)] NtResumeProcess: An attempt was made to access an exiting process. (0xc000010a)
[0624/014632.099:ERROR:process_info.cc(98)] ReadProcessMemory UNICODE_STRING: Only part of a ReadProcessMemory or WriteProcessMemory request was completed. (0x12B)
[0624/014632.358:ERROR:process_info.cc(545)] ReadProcessData failed
[0624/014632.358:ERROR:scoped_process_suspend.cc(40)] NtResumeProcess: An attempt was made to access an exiting process. (0xc000010a)
